
*** Running vivado
    with args -log interface.vdi -applog -m64 -product Vivado -messageDb vivado.pb -mode batch -source interface.tcl -notrace


****** Vivado v2024.1 (64-bit)
  **** SW Build 5076996 on Wed May 22 18:36:09 MDT 2024
  **** IP Build 5075265 on Wed May 22 21:45:21 MDT 2024
  **** SharedData Build 5076995 on Wed May 22 18:29:18 MDT 2024
  **** Start of session at: Sun Mar  9 15:22:17 2025
    ** Copyright 1986-2022 Xilinx, Inc. All Rights Reserved.
    ** Copyright 2022-2024 Advanced Micro Devices, Inc. All Rights Reserved.

source interface.tcl -notrace
create_project: Time (s): cpu = 00:00:06 ; elapsed = 00:00:06 . Memory (MB): peak = 1416.191 ; gain = 0.023 ; free physical = 4333 ; free virtual = 21435
Command: link_design -top interface -part xc7a35tcpg236-1
Design is defaulting to srcset: sources_1
Design is defaulting to constrset: constrs_1
INFO: [Device 21-403] Loading part xc7a35tcpg236-1
INFO: [Device 21-9227] Part: xc7a35tcpg236-1 does not have CEAM library.
Netlist sorting complete. Time (s): cpu = 00:00:00 ; elapsed = 00:00:00 . Memory (MB): peak = 1758.105 ; gain = 0.000 ; free physical = 4122 ; free virtual = 21231
INFO: [Netlist 29-17] Analyzing 28 Unisim elements for replacement
INFO: [Netlist 29-28] Unisim Transformation completed in 0 CPU seconds
INFO: [Project 1-479] Netlist was created with Vivado 2024.1
INFO: [Project 1-570] Preparing netlist for logic optimization
Parsing XDC File [/home/laperex/Programming/Vivado/project_riscv_impl/project_riscv_impl.srcs/constrs_1/new/basys3.xdc]
WARNING: [Vivado 12-584] No ports matched 'sw[0]'. [/home/laperex/Programming/Vivado/project_riscv_impl/project_riscv_impl.srcs/constrs_1/new/basys3.xdc:13]
CRITICAL WARNING: [Common 17-55] 'set_property' expects at least one object. [/home/laperex/Programming/Vivado/project_riscv_impl/project_riscv_impl.srcs/constrs_1/new/basys3.xdc:13]
Resolution: If [get_<value>] was used to populate the object, check to make sure this command returns at least one valid object.
WARNING: [Vivado 12-584] No ports matched 'sw[1]'. [/home/laperex/Programming/Vivado/project_riscv_impl/project_riscv_impl.srcs/constrs_1/new/basys3.xdc:14]
CRITICAL WARNING: [Common 17-55] 'set_property' expects at least one object. [/home/laperex/Programming/Vivado/project_riscv_impl/project_riscv_impl.srcs/constrs_1/new/basys3.xdc:14]
Resolution: If [get_<value>] was used to populate the object, check to make sure this command returns at least one valid object.
WARNING: [Vivado 12-584] No ports matched 'sw[2]'. [/home/laperex/Programming/Vivado/project_riscv_impl/project_riscv_impl.srcs/constrs_1/new/basys3.xdc:15]
CRITICAL WARNING: [Common 17-55] 'set_property' expects at least one object. [/home/laperex/Programming/Vivado/project_riscv_impl/project_riscv_impl.srcs/constrs_1/new/basys3.xdc:15]
Resolution: If [get_<value>] was used to populate the object, check to make sure this command returns at least one valid object.
WARNING: [Vivado 12-584] No ports matched 'sw[3]'. [/home/laperex/Programming/Vivado/project_riscv_impl/project_riscv_impl.srcs/constrs_1/new/basys3.xdc:16]
CRITICAL WARNING: [Common 17-55] 'set_property' expects at least one object. [/home/laperex/Programming/Vivado/project_riscv_impl/project_riscv_impl.srcs/constrs_1/new/basys3.xdc:16]
Resolution: If [get_<value>] was used to populate the object, check to make sure this command returns at least one valid object.
WARNING: [Vivado 12-584] No ports matched 'sw[4]'. [/home/laperex/Programming/Vivado/project_riscv_impl/project_riscv_impl.srcs/constrs_1/new/basys3.xdc:17]
CRITICAL WARNING: [Common 17-55] 'set_property' expects at least one object. [/home/laperex/Programming/Vivado/project_riscv_impl/project_riscv_impl.srcs/constrs_1/new/basys3.xdc:17]
Resolution: If [get_<value>] was used to populate the object, check to make sure this command returns at least one valid object.
WARNING: [Vivado 12-584] No ports matched 'sw[5]'. [/home/laperex/Programming/Vivado/project_riscv_impl/project_riscv_impl.srcs/constrs_1/new/basys3.xdc:18]
CRITICAL WARNING: [Common 17-55] 'set_property' expects at least one object. [/home/laperex/Programming/Vivado/project_riscv_impl/project_riscv_impl.srcs/constrs_1/new/basys3.xdc:18]
Resolution: If [get_<value>] was used to populate the object, check to make sure this command returns at least one valid object.
WARNING: [Vivado 12-584] No ports matched 'sw[6]'. [/home/laperex/Programming/Vivado/project_riscv_impl/project_riscv_impl.srcs/constrs_1/new/basys3.xdc:19]
CRITICAL WARNING: [Common 17-55] 'set_property' expects at least one object. [/home/laperex/Programming/Vivado/project_riscv_impl/project_riscv_impl.srcs/constrs_1/new/basys3.xdc:19]
Resolution: If [get_<value>] was used to populate the object, check to make sure this command returns at least one valid object.
WARNING: [Vivado 12-584] No ports matched 'sw[7]'. [/home/laperex/Programming/Vivado/project_riscv_impl/project_riscv_impl.srcs/constrs_1/new/basys3.xdc:20]
CRITICAL WARNING: [Common 17-55] 'set_property' expects at least one object. [/home/laperex/Programming/Vivado/project_riscv_impl/project_riscv_impl.srcs/constrs_1/new/basys3.xdc:20]
Resolution: If [get_<value>] was used to populate the object, check to make sure this command returns at least one valid object.
WARNING: [Vivado 12-584] No ports matched 'sw[8]'. [/home/laperex/Programming/Vivado/project_riscv_impl/project_riscv_impl.srcs/constrs_1/new/basys3.xdc:21]
CRITICAL WARNING: [Common 17-55] 'set_property' expects at least one object. [/home/laperex/Programming/Vivado/project_riscv_impl/project_riscv_impl.srcs/constrs_1/new/basys3.xdc:21]
Resolution: If [get_<value>] was used to populate the object, check to make sure this command returns at least one valid object.
WARNING: [Vivado 12-584] No ports matched 'sw[9]'. [/home/laperex/Programming/Vivado/project_riscv_impl/project_riscv_impl.srcs/constrs_1/new/basys3.xdc:22]
CRITICAL WARNING: [Common 17-55] 'set_property' expects at least one object. [/home/laperex/Programming/Vivado/project_riscv_impl/project_riscv_impl.srcs/constrs_1/new/basys3.xdc:22]
Resolution: If [get_<value>] was used to populate the object, check to make sure this command returns at least one valid object.
WARNING: [Vivado 12-584] No ports matched 'sw[10]'. [/home/laperex/Programming/Vivado/project_riscv_impl/project_riscv_impl.srcs/constrs_1/new/basys3.xdc:23]
CRITICAL WARNING: [Common 17-55] 'set_property' expects at least one object. [/home/laperex/Programming/Vivado/project_riscv_impl/project_riscv_impl.srcs/constrs_1/new/basys3.xdc:23]
Resolution: If [get_<value>] was used to populate the object, check to make sure this command returns at least one valid object.
WARNING: [Vivado 12-584] No ports matched 'sw[11]'. [/home/laperex/Programming/Vivado/project_riscv_impl/project_riscv_impl.srcs/constrs_1/new/basys3.xdc:24]
CRITICAL WARNING: [Common 17-55] 'set_property' expects at least one object. [/home/laperex/Programming/Vivado/project_riscv_impl/project_riscv_impl.srcs/constrs_1/new/basys3.xdc:24]
Resolution: If [get_<value>] was used to populate the object, check to make sure this command returns at least one valid object.
WARNING: [Vivado 12-584] No ports matched 'sw[12]'. [/home/laperex/Programming/Vivado/project_riscv_impl/project_riscv_impl.srcs/constrs_1/new/basys3.xdc:25]
CRITICAL WARNING: [Common 17-55] 'set_property' expects at least one object. [/home/laperex/Programming/Vivado/project_riscv_impl/project_riscv_impl.srcs/constrs_1/new/basys3.xdc:25]
Resolution: If [get_<value>] was used to populate the object, check to make sure this command returns at least one valid object.
WARNING: [Vivado 12-584] No ports matched 'sw[13]'. [/home/laperex/Programming/Vivado/project_riscv_impl/project_riscv_impl.srcs/constrs_1/new/basys3.xdc:26]
CRITICAL WARNING: [Common 17-55] 'set_property' expects at least one object. [/home/laperex/Programming/Vivado/project_riscv_impl/project_riscv_impl.srcs/constrs_1/new/basys3.xdc:26]
Resolution: If [get_<value>] was used to populate the object, check to make sure this command returns at least one valid object.
WARNING: [Vivado 12-584] No ports matched 'sw[14]'. [/home/laperex/Programming/Vivado/project_riscv_impl/project_riscv_impl.srcs/constrs_1/new/basys3.xdc:27]
CRITICAL WARNING: [Common 17-55] 'set_property' expects at least one object. [/home/laperex/Programming/Vivado/project_riscv_impl/project_riscv_impl.srcs/constrs_1/new/basys3.xdc:27]
Resolution: If [get_<value>] was used to populate the object, check to make sure this command returns at least one valid object.
WARNING: [Vivado 12-584] No ports matched 'sw[15]'. [/home/laperex/Programming/Vivado/project_riscv_impl/project_riscv_impl.srcs/constrs_1/new/basys3.xdc:28]
CRITICAL WARNING: [Common 17-55] 'set_property' expects at least one object. [/home/laperex/Programming/Vivado/project_riscv_impl/project_riscv_impl.srcs/constrs_1/new/basys3.xdc:28]
Resolution: If [get_<value>] was used to populate the object, check to make sure this command returns at least one valid object.
WARNING: [Vivado 12-584] No ports matched 'btnL'. [/home/laperex/Programming/Vivado/project_riscv_impl/project_riscv_impl.srcs/constrs_1/new/basys3.xdc:70]
CRITICAL WARNING: [Common 17-55] 'set_property' expects at least one object. [/home/laperex/Programming/Vivado/project_riscv_impl/project_riscv_impl.srcs/constrs_1/new/basys3.xdc:70]
Resolution: If [get_<value>] was used to populate the object, check to make sure this command returns at least one valid object.
WARNING: [Vivado 12-584] No ports matched 'uart_TX'. [/home/laperex/Programming/Vivado/project_riscv_impl/project_riscv_impl.srcs/constrs_1/new/basys3.xdc:76]
CRITICAL WARNING: [Common 17-55] 'set_property' expects at least one object. [/home/laperex/Programming/Vivado/project_riscv_impl/project_riscv_impl.srcs/constrs_1/new/basys3.xdc:76]
Resolution: If [get_<value>] was used to populate the object, check to make sure this command returns at least one valid object.
WARNING: [Vivado 12-584] No ports matched 'uart_RX'. [/home/laperex/Programming/Vivado/project_riscv_impl/project_riscv_impl.srcs/constrs_1/new/basys3.xdc:77]
CRITICAL WARNING: [Common 17-55] 'set_property' expects at least one object. [/home/laperex/Programming/Vivado/project_riscv_impl/project_riscv_impl.srcs/constrs_1/new/basys3.xdc:77]
Resolution: If [get_<value>] was used to populate the object, check to make sure this command returns at least one valid object.
WARNING: [Vivado 12-507] No nets matched 'tr_wr_data[7]'. [/home/laperex/Programming/Vivado/project_riscv_impl/project_riscv_impl.srcs/constrs_1/new/basys3.xdc:162]
CRITICAL WARNING: [Common 17-55] 'set_property' expects at least one object. [/home/laperex/Programming/Vivado/project_riscv_impl/project_riscv_impl.srcs/constrs_1/new/basys3.xdc:162]
Resolution: If [get_<value>] was used to populate the object, check to make sure this command returns at least one valid object.
WARNING: [Vivado 12-507] No nets matched 'tr_wr_data[6]'. [/home/laperex/Programming/Vivado/project_riscv_impl/project_riscv_impl.srcs/constrs_1/new/basys3.xdc:163]
CRITICAL WARNING: [Common 17-55] 'set_property' expects at least one object. [/home/laperex/Programming/Vivado/project_riscv_impl/project_riscv_impl.srcs/constrs_1/new/basys3.xdc:163]
Resolution: If [get_<value>] was used to populate the object, check to make sure this command returns at least one valid object.
WARNING: [Vivado 12-507] No nets matched 'tr_wr_data[8]'. [/home/laperex/Programming/Vivado/project_riscv_impl/project_riscv_impl.srcs/constrs_1/new/basys3.xdc:164]
CRITICAL WARNING: [Common 17-55] 'set_property' expects at least one object. [/home/laperex/Programming/Vivado/project_riscv_impl/project_riscv_impl.srcs/constrs_1/new/basys3.xdc:164]
Resolution: If [get_<value>] was used to populate the object, check to make sure this command returns at least one valid object.
WARNING: [Vivado 12-507] No nets matched 'tr_wr_data[9]'. [/home/laperex/Programming/Vivado/project_riscv_impl/project_riscv_impl.srcs/constrs_1/new/basys3.xdc:165]
CRITICAL WARNING: [Common 17-55] 'set_property' expects at least one object. [/home/laperex/Programming/Vivado/project_riscv_impl/project_riscv_impl.srcs/constrs_1/new/basys3.xdc:165]
Resolution: If [get_<value>] was used to populate the object, check to make sure this command returns at least one valid object.
WARNING: [Vivado 12-507] No nets matched 'tr_wr_data[10]'. [/home/laperex/Programming/Vivado/project_riscv_impl/project_riscv_impl.srcs/constrs_1/new/basys3.xdc:166]
CRITICAL WARNING: [Common 17-55] 'set_property' expects at least one object. [/home/laperex/Programming/Vivado/project_riscv_impl/project_riscv_impl.srcs/constrs_1/new/basys3.xdc:166]
Resolution: If [get_<value>] was used to populate the object, check to make sure this command returns at least one valid object.
WARNING: [Vivado 12-507] No nets matched 'tr_wr_data[19]'. [/home/laperex/Programming/Vivado/project_riscv_impl/project_riscv_impl.srcs/constrs_1/new/basys3.xdc:167]
CRITICAL WARNING: [Common 17-55] 'set_property' expects at least one object. [/home/laperex/Programming/Vivado/project_riscv_impl/project_riscv_impl.srcs/constrs_1/new/basys3.xdc:167]
Resolution: If [get_<value>] was used to populate the object, check to make sure this command returns at least one valid object.
WARNING: [Vivado 12-507] No nets matched 'tr_wr_data[18]'. [/home/laperex/Programming/Vivado/project_riscv_impl/project_riscv_impl.srcs/constrs_1/new/basys3.xdc:168]
CRITICAL WARNING: [Common 17-55] 'set_property' expects at least one object. [/home/laperex/Programming/Vivado/project_riscv_impl/project_riscv_impl.srcs/constrs_1/new/basys3.xdc:168]
Resolution: If [get_<value>] was used to populate the object, check to make sure this command returns at least one valid object.
WARNING: [Vivado 12-507] No nets matched 'tr_wr_data[11]'. [/home/laperex/Programming/Vivado/project_riscv_impl/project_riscv_impl.srcs/constrs_1/new/basys3.xdc:169]
CRITICAL WARNING: [Common 17-55] 'set_property' expects at least one object. [/home/laperex/Programming/Vivado/project_riscv_impl/project_riscv_impl.srcs/constrs_1/new/basys3.xdc:169]
Resolution: If [get_<value>] was used to populate the object, check to make sure this command returns at least one valid object.
WARNING: [Vivado 12-507] No nets matched 'tr_wr_data[20]'. [/home/laperex/Programming/Vivado/project_riscv_impl/project_riscv_impl.srcs/constrs_1/new/basys3.xdc:170]
CRITICAL WARNING: [Common 17-55] 'set_property' expects at least one object. [/home/laperex/Programming/Vivado/project_riscv_impl/project_riscv_impl.srcs/constrs_1/new/basys3.xdc:170]
Resolution: If [get_<value>] was used to populate the object, check to make sure this command returns at least one valid object.
WARNING: [Vivado 12-507] No nets matched 'tr_wr_data[21]'. [/home/laperex/Programming/Vivado/project_riscv_impl/project_riscv_impl.srcs/constrs_1/new/basys3.xdc:171]
CRITICAL WARNING: [Common 17-55] 'set_property' expects at least one object. [/home/laperex/Programming/Vivado/project_riscv_impl/project_riscv_impl.srcs/constrs_1/new/basys3.xdc:171]
Resolution: If [get_<value>] was used to populate the object, check to make sure this command returns at least one valid object.
WARNING: [Vivado 12-507] No nets matched 'tr_wr_data[17]'. [/home/laperex/Programming/Vivado/project_riscv_impl/project_riscv_impl.srcs/constrs_1/new/basys3.xdc:172]
CRITICAL WARNING: [Common 17-55] 'set_property' expects at least one object. [/home/laperex/Programming/Vivado/project_riscv_impl/project_riscv_impl.srcs/constrs_1/new/basys3.xdc:172]
Resolution: If [get_<value>] was used to populate the object, check to make sure this command returns at least one valid object.
WARNING: [Vivado 12-507] No nets matched 'tr_wr_data[22]'. [/home/laperex/Programming/Vivado/project_riscv_impl/project_riscv_impl.srcs/constrs_1/new/basys3.xdc:173]
CRITICAL WARNING: [Common 17-55] 'set_property' expects at least one object. [/home/laperex/Programming/Vivado/project_riscv_impl/project_riscv_impl.srcs/constrs_1/new/basys3.xdc:173]
Resolution: If [get_<value>] was used to populate the object, check to make sure this command returns at least one valid object.
WARNING: [Vivado 12-507] No nets matched 'tr_wr_data[12]'. [/home/laperex/Programming/Vivado/project_riscv_impl/project_riscv_impl.srcs/constrs_1/new/basys3.xdc:174]
CRITICAL WARNING: [Common 17-55] 'set_property' expects at least one object. [/home/laperex/Programming/Vivado/project_riscv_impl/project_riscv_impl.srcs/constrs_1/new/basys3.xdc:174]
Resolution: If [get_<value>] was used to populate the object, check to make sure this command returns at least one valid object.
WARNING: [Vivado 12-507] No nets matched 'tr_wr_data[23]'. [/home/laperex/Programming/Vivado/project_riscv_impl/project_riscv_impl.srcs/constrs_1/new/basys3.xdc:175]
CRITICAL WARNING: [Common 17-55] 'set_property' expects at least one object. [/home/laperex/Programming/Vivado/project_riscv_impl/project_riscv_impl.srcs/constrs_1/new/basys3.xdc:175]
Resolution: If [get_<value>] was used to populate the object, check to make sure this command returns at least one valid object.
WARNING: [Vivado 12-507] No nets matched 'tr_wr_data[13]'. [/home/laperex/Programming/Vivado/project_riscv_impl/project_riscv_impl.srcs/constrs_1/new/basys3.xdc:176]
CRITICAL WARNING: [Common 17-55] 'set_property' expects at least one object. [/home/laperex/Programming/Vivado/project_riscv_impl/project_riscv_impl.srcs/constrs_1/new/basys3.xdc:176]
Resolution: If [get_<value>] was used to populate the object, check to make sure this command returns at least one valid object.
WARNING: [Vivado 12-507] No nets matched 'tr_wr_data[14]'. [/home/laperex/Programming/Vivado/project_riscv_impl/project_riscv_impl.srcs/constrs_1/new/basys3.xdc:177]
CRITICAL WARNING: [Common 17-55] 'set_property' expects at least one object. [/home/laperex/Programming/Vivado/project_riscv_impl/project_riscv_impl.srcs/constrs_1/new/basys3.xdc:177]
Resolution: If [get_<value>] was used to populate the object, check to make sure this command returns at least one valid object.
WARNING: [Vivado 12-507] No nets matched 'tr_wr_data[15]'. [/home/laperex/Programming/Vivado/project_riscv_impl/project_riscv_impl.srcs/constrs_1/new/basys3.xdc:178]
CRITICAL WARNING: [Common 17-55] 'set_property' expects at least one object. [/home/laperex/Programming/Vivado/project_riscv_impl/project_riscv_impl.srcs/constrs_1/new/basys3.xdc:178]
Resolution: If [get_<value>] was used to populate the object, check to make sure this command returns at least one valid object.
WARNING: [Vivado 12-507] No nets matched 'tr_wr_data[24]'. [/home/laperex/Programming/Vivado/project_riscv_impl/project_riscv_impl.srcs/constrs_1/new/basys3.xdc:179]
CRITICAL WARNING: [Common 17-55] 'set_property' expects at least one object. [/home/laperex/Programming/Vivado/project_riscv_impl/project_riscv_impl.srcs/constrs_1/new/basys3.xdc:179]
Resolution: If [get_<value>] was used to populate the object, check to make sure this command returns at least one valid object.
WARNING: [Vivado 12-507] No nets matched 'tr_wr_data[25]'. [/home/laperex/Programming/Vivado/project_riscv_impl/project_riscv_impl.srcs/constrs_1/new/basys3.xdc:180]
CRITICAL WARNING: [Common 17-55] 'set_property' expects at least one object. [/home/laperex/Programming/Vivado/project_riscv_impl/project_riscv_impl.srcs/constrs_1/new/basys3.xdc:180]
Resolution: If [get_<value>] was used to populate the object, check to make sure this command returns at least one valid object.
WARNING: [Vivado 12-507] No nets matched 'tr_wr_data[16]'. [/home/laperex/Programming/Vivado/project_riscv_impl/project_riscv_impl.srcs/constrs_1/new/basys3.xdc:181]
CRITICAL WARNING: [Common 17-55] 'set_property' expects at least one object. [/home/laperex/Programming/Vivado/project_riscv_impl/project_riscv_impl.srcs/constrs_1/new/basys3.xdc:181]
Resolution: If [get_<value>] was used to populate the object, check to make sure this command returns at least one valid object.
WARNING: [Vivado 12-507] No nets matched 'tr_wr_data[0]'. [/home/laperex/Programming/Vivado/project_riscv_impl/project_riscv_impl.srcs/constrs_1/new/basys3.xdc:182]
CRITICAL WARNING: [Common 17-55] 'set_property' expects at least one object. [/home/laperex/Programming/Vivado/project_riscv_impl/project_riscv_impl.srcs/constrs_1/new/basys3.xdc:182]
Resolution: If [get_<value>] was used to populate the object, check to make sure this command returns at least one valid object.
WARNING: [Vivado 12-507] No nets matched 'tr_wr_data[1]'. [/home/laperex/Programming/Vivado/project_riscv_impl/project_riscv_impl.srcs/constrs_1/new/basys3.xdc:183]
CRITICAL WARNING: [Common 17-55] 'set_property' expects at least one object. [/home/laperex/Programming/Vivado/project_riscv_impl/project_riscv_impl.srcs/constrs_1/new/basys3.xdc:183]
Resolution: If [get_<value>] was used to populate the object, check to make sure this command returns at least one valid object.
WARNING: [Vivado 12-507] No nets matched 'tr_wr_data[2]'. [/home/laperex/Programming/Vivado/project_riscv_impl/project_riscv_impl.srcs/constrs_1/new/basys3.xdc:184]
CRITICAL WARNING: [Common 17-55] 'set_property' expects at least one object. [/home/laperex/Programming/Vivado/project_riscv_impl/project_riscv_impl.srcs/constrs_1/new/basys3.xdc:184]
Resolution: If [get_<value>] was used to populate the object, check to make sure this command returns at least one valid object.
WARNING: [Vivado 12-507] No nets matched 'tr_wr_data[3]'. [/home/laperex/Programming/Vivado/project_riscv_impl/project_riscv_impl.srcs/constrs_1/new/basys3.xdc:185]
CRITICAL WARNING: [Common 17-55] 'set_property' expects at least one object. [/home/laperex/Programming/Vivado/project_riscv_impl/project_riscv_impl.srcs/constrs_1/new/basys3.xdc:185]
Resolution: If [get_<value>] was used to populate the object, check to make sure this command returns at least one valid object.
WARNING: [Vivado 12-507] No nets matched 'tr_wr_data[4]'. [/home/laperex/Programming/Vivado/project_riscv_impl/project_riscv_impl.srcs/constrs_1/new/basys3.xdc:186]
CRITICAL WARNING: [Common 17-55] 'set_property' expects at least one object. [/home/laperex/Programming/Vivado/project_riscv_impl/project_riscv_impl.srcs/constrs_1/new/basys3.xdc:186]
Resolution: If [get_<value>] was used to populate the object, check to make sure this command returns at least one valid object.
WARNING: [Vivado 12-507] No nets matched 'tr_wr_data[5]'. [/home/laperex/Programming/Vivado/project_riscv_impl/project_riscv_impl.srcs/constrs_1/new/basys3.xdc:187]
CRITICAL WARNING: [Common 17-55] 'set_property' expects at least one object. [/home/laperex/Programming/Vivado/project_riscv_impl/project_riscv_impl.srcs/constrs_1/new/basys3.xdc:187]
Resolution: If [get_<value>] was used to populate the object, check to make sure this command returns at least one valid object.
WARNING: [Vivado 12-750] There are no ChipScope debug cores in this design. [/home/laperex/Programming/Vivado/project_riscv_impl/project_riscv_impl.srcs/constrs_1/new/basys3.xdc:188]
CRITICAL WARNING: [Common 17-55] 'set_property' expects at least one object. [/home/laperex/Programming/Vivado/project_riscv_impl/project_riscv_impl.srcs/constrs_1/new/basys3.xdc:188]
Resolution: If [get_<value>] was used to populate the object, check to make sure this command returns at least one valid object.
WARNING: [Vivado 12-750] There are no ChipScope debug cores in this design. [/home/laperex/Programming/Vivado/project_riscv_impl/project_riscv_impl.srcs/constrs_1/new/basys3.xdc:189]
CRITICAL WARNING: [Common 17-55] 'set_property' expects at least one object. [/home/laperex/Programming/Vivado/project_riscv_impl/project_riscv_impl.srcs/constrs_1/new/basys3.xdc:189]
Resolution: If [get_<value>] was used to populate the object, check to make sure this command returns at least one valid object.
WARNING: [Vivado 12-750] There are no ChipScope debug cores in this design. [/home/laperex/Programming/Vivado/project_riscv_impl/project_riscv_impl.srcs/constrs_1/new/basys3.xdc:190]
CRITICAL WARNING: [Common 17-55] 'set_property' expects at least one object. [/home/laperex/Programming/Vivado/project_riscv_impl/project_riscv_impl.srcs/constrs_1/new/basys3.xdc:190]
Resolution: If [get_<value>] was used to populate the object, check to make sure this command returns at least one valid object.
CRITICAL WARNING: [Vivado 12-1419] Debug core 'dbg_hub' was not found. [/home/laperex/Programming/Vivado/project_riscv_impl/project_riscv_impl.srcs/constrs_1/new/basys3.xdc:191]
WARNING: [Vivado 12-507] No nets matched 'u_processor/u_MEMORY/MEM_fe_rd_data[12]'. [/home/laperex/Programming/Vivado/project_riscv_impl/project_riscv_impl.srcs/constrs_1/new/basys3.xdc:210]
CRITICAL WARNING: [Common 17-55] 'set_property' expects at least one object. [/home/laperex/Programming/Vivado/project_riscv_impl/project_riscv_impl.srcs/constrs_1/new/basys3.xdc:210]
Resolution: If [get_<value>] was used to populate the object, check to make sure this command returns at least one valid object.
WARNING: [Vivado 12-507] No nets matched 'u_processor/u_MEMORY/MEM_fe_rd_data[17]'. [/home/laperex/Programming/Vivado/project_riscv_impl/project_riscv_impl.srcs/constrs_1/new/basys3.xdc:215]
CRITICAL WARNING: [Common 17-55] 'set_property' expects at least one object. [/home/laperex/Programming/Vivado/project_riscv_impl/project_riscv_impl.srcs/constrs_1/new/basys3.xdc:215]
Resolution: If [get_<value>] was used to populate the object, check to make sure this command returns at least one valid object.
WARNING: [Vivado 12-507] No nets matched 'u_processor/u_MEMORY/MEM_fe_rd_data[18]'. [/home/laperex/Programming/Vivado/project_riscv_impl/project_riscv_impl.srcs/constrs_1/new/basys3.xdc:216]
CRITICAL WARNING: [Common 17-55] 'set_property' expects at least one object. [/home/laperex/Programming/Vivado/project_riscv_impl/project_riscv_impl.srcs/constrs_1/new/basys3.xdc:216]
Resolution: If [get_<value>] was used to populate the object, check to make sure this command returns at least one valid object.
WARNING: [Vivado 12-507] No nets matched 'u_processor/u_MEMORY/MEM_fe_rd_data[21]'. [/home/laperex/Programming/Vivado/project_riscv_impl/project_riscv_impl.srcs/constrs_1/new/basys3.xdc:217]
CRITICAL WARNING: [Common 17-55] 'set_property' expects at least one object. [/home/laperex/Programming/Vivado/project_riscv_impl/project_riscv_impl.srcs/constrs_1/new/basys3.xdc:217]
Resolution: If [get_<value>] was used to populate the object, check to make sure this command returns at least one valid object.
WARNING: [Vivado 12-507] No nets matched 'u_processor/u_MEMORY/MEM_fe_rd_data[20]'. [/home/laperex/Programming/Vivado/project_riscv_impl/project_riscv_impl.srcs/constrs_1/new/basys3.xdc:218]
CRITICAL WARNING: [Common 17-55] 'set_property' expects at least one object. [/home/laperex/Programming/Vivado/project_riscv_impl/project_riscv_impl.srcs/constrs_1/new/basys3.xdc:218]
Resolution: If [get_<value>] was used to populate the object, check to make sure this command returns at least one valid object.
WARNING: [Vivado 12-507] No nets matched 'u_processor/u_MEMORY/MEM_fe_rd_data[4]'. [/home/laperex/Programming/Vivado/project_riscv_impl/project_riscv_impl.srcs/constrs_1/new/basys3.xdc:219]
CRITICAL WARNING: [Common 17-55] 'set_property' expects at least one object. [/home/laperex/Programming/Vivado/project_riscv_impl/project_riscv_impl.srcs/constrs_1/new/basys3.xdc:219]
Resolution: If [get_<value>] was used to populate the object, check to make sure this command returns at least one valid object.
WARNING: [Vivado 12-507] No nets matched 'u_processor/u_MEMORY/MEM_fe_rd_data[6]'. [/home/laperex/Programming/Vivado/project_riscv_impl/project_riscv_impl.srcs/constrs_1/new/basys3.xdc:221]
CRITICAL WARNING: [Common 17-55] 'set_property' expects at least one object. [/home/laperex/Programming/Vivado/project_riscv_impl/project_riscv_impl.srcs/constrs_1/new/basys3.xdc:221]
Resolution: If [get_<value>] was used to populate the object, check to make sure this command returns at least one valid object.
WARNING: [Vivado 12-507] No nets matched 'u_processor/u_MEMORY/MEM_fe_rd_data[13]'. [/home/laperex/Programming/Vivado/project_riscv_impl/project_riscv_impl.srcs/constrs_1/new/basys3.xdc:222]
CRITICAL WARNING: [Common 17-55] 'set_property' expects at least one object. [/home/laperex/Programming/Vivado/project_riscv_impl/project_riscv_impl.srcs/constrs_1/new/basys3.xdc:222]
Resolution: If [get_<value>] was used to populate the object, check to make sure this command returns at least one valid object.
WARNING: [Vivado 12-507] No nets matched 'u_processor/u_MEMORY/MEM_fe_rd_data[19]'. [/home/laperex/Programming/Vivado/project_riscv_impl/project_riscv_impl.srcs/constrs_1/new/basys3.xdc:223]
CRITICAL WARNING: [Common 17-55] 'set_property' expects at least one object. [/home/laperex/Programming/Vivado/project_riscv_impl/project_riscv_impl.srcs/constrs_1/new/basys3.xdc:223]
Resolution: If [get_<value>] was used to populate the object, check to make sure this command returns at least one valid object.
WARNING: [Vivado 12-507] No nets matched 'u_processor/u_MEMORY/MEM_fe_rd_data[23]'. [/home/laperex/Programming/Vivado/project_riscv_impl/project_riscv_impl.srcs/constrs_1/new/basys3.xdc:224]
CRITICAL WARNING: [Common 17-55] 'set_property' expects at least one object. [/home/laperex/Programming/Vivado/project_riscv_impl/project_riscv_impl.srcs/constrs_1/new/basys3.xdc:224]
Resolution: If [get_<value>] was used to populate the object, check to make sure this command returns at least one valid object.
WARNING: [Vivado 12-507] No nets matched 'u_processor/u_MEMORY/MEM_fe_rd_data[14]'. [/home/laperex/Programming/Vivado/project_riscv_impl/project_riscv_impl.srcs/constrs_1/new/basys3.xdc:225]
CRITICAL WARNING: [Common 17-55] 'set_property' expects at least one object. [/home/laperex/Programming/Vivado/project_riscv_impl/project_riscv_impl.srcs/constrs_1/new/basys3.xdc:225]
Resolution: If [get_<value>] was used to populate the object, check to make sure this command returns at least one valid object.
WARNING: [Vivado 12-507] No nets matched 'u_processor/u_MEMORY/MEM_fe_rd_data[24]'. [/home/laperex/Programming/Vivado/project_riscv_impl/project_riscv_impl.srcs/constrs_1/new/basys3.xdc:226]
CRITICAL WARNING: [Common 17-55] 'set_property' expects at least one object. [/home/laperex/Programming/Vivado/project_riscv_impl/project_riscv_impl.srcs/constrs_1/new/basys3.xdc:226]
Resolution: If [get_<value>] was used to populate the object, check to make sure this command returns at least one valid object.
WARNING: [Vivado 12-507] No nets matched 'u_processor/u_MEMORY/MEM_fe_rd_data[15]'. [/home/laperex/Programming/Vivado/project_riscv_impl/project_riscv_impl.srcs/constrs_1/new/basys3.xdc:227]
CRITICAL WARNING: [Common 17-55] 'set_property' expects at least one object. [/home/laperex/Programming/Vivado/project_riscv_impl/project_riscv_impl.srcs/constrs_1/new/basys3.xdc:227]
Resolution: If [get_<value>] was used to populate the object, check to make sure this command returns at least one valid object.
WARNING: [Vivado 12-507] No nets matched 'u_processor/u_MEMORY/MEM_fe_rd_data[22]'. [/home/laperex/Programming/Vivado/project_riscv_impl/project_riscv_impl.srcs/constrs_1/new/basys3.xdc:228]
CRITICAL WARNING: [Common 17-55] 'set_property' expects at least one object. [/home/laperex/Programming/Vivado/project_riscv_impl/project_riscv_impl.srcs/constrs_1/new/basys3.xdc:228]
Resolution: If [get_<value>] was used to populate the object, check to make sure this command returns at least one valid object.
WARNING: [Vivado 12-507] No nets matched 'u_processor/u_MEMORY/MEM_fe_rd_data[16]'. [/home/laperex/Programming/Vivado/project_riscv_impl/project_riscv_impl.srcs/constrs_1/new/basys3.xdc:229]
CRITICAL WARNING: [Common 17-55] 'set_property' expects at least one object. [/home/laperex/Programming/Vivado/project_riscv_impl/project_riscv_impl.srcs/constrs_1/new/basys3.xdc:229]
Resolution: If [get_<value>] was used to populate the object, check to make sure this command returns at least one valid object.
WARNING: [Vivado 12-507] No nets matched 'u_processor/u_MEMORY/MEM_fe_rd_data[4]'. [/home/laperex/Programming/Vivado/project_riscv_impl/project_riscv_impl.srcs/constrs_1/new/basys3.xdc:247]
WARNING: [Vivado 12-507] No nets matched 'u_processor/u_MEMORY/MEM_fe_rd_data[6]'. [/home/laperex/Programming/Vivado/project_riscv_impl/project_riscv_impl.srcs/constrs_1/new/basys3.xdc:247]
WARNING: [Vivado 12-507] No nets matched 'u_processor/u_MEMORY/MEM_fe_rd_data[12]'. [/home/laperex/Programming/Vivado/project_riscv_impl/project_riscv_impl.srcs/constrs_1/new/basys3.xdc:247]
WARNING: [Vivado 12-507] No nets matched 'u_processor/u_MEMORY/MEM_fe_rd_data[13]'. [/home/laperex/Programming/Vivado/project_riscv_impl/project_riscv_impl.srcs/constrs_1/new/basys3.xdc:247]
WARNING: [Vivado 12-507] No nets matched 'u_processor/u_MEMORY/MEM_fe_rd_data[14]'. [/home/laperex/Programming/Vivado/project_riscv_impl/project_riscv_impl.srcs/constrs_1/new/basys3.xdc:247]
WARNING: [Vivado 12-507] No nets matched 'u_processor/u_MEMORY/MEM_fe_rd_data[15]'. [/home/laperex/Programming/Vivado/project_riscv_impl/project_riscv_impl.srcs/constrs_1/new/basys3.xdc:247]
WARNING: [Vivado 12-507] No nets matched 'u_processor/u_MEMORY/MEM_fe_rd_data[16]'. [/home/laperex/Programming/Vivado/project_riscv_impl/project_riscv_impl.srcs/constrs_1/new/basys3.xdc:247]
WARNING: [Vivado 12-507] No nets matched 'u_processor/u_MEMORY/MEM_fe_rd_data[17]'. [/home/laperex/Programming/Vivado/project_riscv_impl/project_riscv_impl.srcs/constrs_1/new/basys3.xdc:247]
WARNING: [Vivado 12-507] No nets matched 'u_processor/u_MEMORY/MEM_fe_rd_data[18]'. [/home/laperex/Programming/Vivado/project_riscv_impl/project_riscv_impl.srcs/constrs_1/new/basys3.xdc:247]
WARNING: [Vivado 12-507] No nets matched 'u_processor/u_MEMORY/MEM_fe_rd_data[19]'. [/home/laperex/Programming/Vivado/project_riscv_impl/project_riscv_impl.srcs/constrs_1/new/basys3.xdc:247]
WARNING: [Vivado 12-507] No nets matched 'u_processor/u_MEMORY/MEM_fe_rd_data[20]'. [/home/laperex/Programming/Vivado/project_riscv_impl/project_riscv_impl.srcs/constrs_1/new/basys3.xdc:247]
WARNING: [Vivado 12-507] No nets matched 'u_processor/u_MEMORY/MEM_fe_rd_data[21]'. [/home/laperex/Programming/Vivado/project_riscv_impl/project_riscv_impl.srcs/constrs_1/new/basys3.xdc:247]
WARNING: [Vivado 12-507] No nets matched 'u_processor/u_MEMORY/MEM_fe_rd_data[22]'. [/home/laperex/Programming/Vivado/project_riscv_impl/project_riscv_impl.srcs/constrs_1/new/basys3.xdc:247]
WARNING: [Vivado 12-507] No nets matched 'u_processor/u_MEMORY/MEM_fe_rd_data[23]'. [/home/laperex/Programming/Vivado/project_riscv_impl/project_riscv_impl.srcs/constrs_1/new/basys3.xdc:247]
WARNING: [Vivado 12-507] No nets matched 'u_processor/u_MEMORY/MEM_fe_rd_data[24]'. [/home/laperex/Programming/Vivado/project_riscv_impl/project_riscv_impl.srcs/constrs_1/new/basys3.xdc:247]
Finished Parsing XDC File [/home/laperex/Programming/Vivado/project_riscv_impl/project_riscv_impl.srcs/constrs_1/new/basys3.xdc]
INFO: [Opt 31-138] Pushed 0 inverter(s) to 0 load pin(s).
Netlist sorting complete. Time (s): cpu = 00:00:00 ; elapsed = 00:00:00 . Memory (MB): peak = 1982.633 ; gain = 0.000 ; free physical = 3997 ; free virtual = 21107
INFO: [Project 1-111] Unisim Transformation Summary:
No Unisim elements were transformed.

8 Infos, 78 Warnings, 64 Critical Warnings and 0 Errors encountered.
link_design completed successfully
link_design: Time (s): cpu = 00:00:03 ; elapsed = 00:00:43 . Memory (MB): peak = 1985.602 ; gain = 569.410 ; free physical = 3991 ; free virtual = 21102
Command: opt_design
Attempting to get a license for feature 'Implementation' and/or device 'xc7a35t'
INFO: [Common 17-349] Got license for feature 'Implementation' and/or device 'xc7a35t'
Running DRC as a precondition to command opt_design

Starting DRC Task
INFO: [DRC 23-27] Running DRC with 8 threads
INFO: [Project 1-461] DRC finished with 0 Errors
INFO: [Project 1-462] Please refer to the DRC report (report_drc) for more information.

Time (s): cpu = 00:00:00.67 ; elapsed = 00:00:00.41 . Memory (MB): peak = 2076.383 ; gain = 90.781 ; free physical = 3977 ; free virtual = 21088

Starting Cache Timing Information Task
INFO: [Timing 38-35] Done setting XDC timing constraints.
Ending Cache Timing Information Task | Checksum: 2f1e9d17e

Time (s): cpu = 00:00:04 ; elapsed = 00:00:04 . Memory (MB): peak = 2536.164 ; gain = 459.781 ; free physical = 3472 ; free virtual = 20598

Starting Logic Optimization Task

Phase 1 Initialization

Phase 1.1 Core Generation And Design Setup
Phase 1.1 Core Generation And Design Setup | Checksum: 2f1e9d17e

Time (s): cpu = 00:00:00 ; elapsed = 00:00:00 . Memory (MB): peak = 2850.938 ; gain = 0.000 ; free physical = 3170 ; free virtual = 20298
Phase 1 Initialization | Checksum: 2f1e9d17e

Time (s): cpu = 00:00:00 ; elapsed = 00:00:00 . Memory (MB): peak = 2850.938 ; gain = 0.000 ; free physical = 3170 ; free virtual = 20298
INFO: [Common 17-83] Releasing license: Implementation
14 Infos, 78 Warnings, 64 Critical Warnings and 1 Errors encountered.
opt_design failed
ERROR: [Chipscope 16-213] The debug port 'u_ila_0/probe1' has 15 unconnected channels (bits). This will cause errors during implementation.
INFO: [Common 17-206] Exiting Vivado at Sun Mar  9 15:23:14 2025...
