Vivado Simulator v2024.1
Copyright 1986-2022 Xilinx, Inc. All Rights Reserved.
Copyright 2022-2024 Advanced Micro Devices, Inc. All Rights Reserved.
Running: /opt/Xilinx/Vivado/2024.1/bin/unwrapped/lnx64.o/xelab --incr --debug typical --relax --mt 8 -L xil_defaultlib -L unisims_ver -L unimacro_ver -L secureip --snapshot processor_tb_behav xil_defaultlib.processor_tb xil_defaultlib.glbl -log elaborate.log 
Using 8 slave threads.
Starting static elaboration
Pass Through NonSizing Optimizer
WARNING: [VRFC 10-3091] actual bit length 5 differs from formal bit length 32 for port 'i_rd_sel' [/home/laperex/Programming/Vivado/project_riscv_impl/project_riscv_impl.srcs/sources_1/new/processor.v:683]
WARNING: [VRFC 10-3091] actual bit length 5 differs from formal bit length 32 for port 'o_rd_sel' [/home/laperex/Programming/Vivado/project_riscv_impl/project_riscv_impl.srcs/sources_1/new/processor.v:684]
Completed static elaboration
Starting simulation data flow analysis
Completed simulation data flow analysis
Time Resolution for simulation is 1ps
Compiling module xil_defaultlib.FETCH
Compiling module xil_defaultlib.DECODE
Compiling module xil_defaultlib.EXECUTE
Compiling module xil_defaultlib.MEMORY(WIDTH=32,SIZE=1024,INITFI...
Compiling module xil_defaultlib.WRITE_BACK_default
Compiling module xil_defaultlib.processor
Compiling module xil_defaultlib.interface
Compiling module xil_defaultlib.processor_tb
Compiling module xil_defaultlib.glbl
Built simulation snapshot processor_tb_behav
