#
# An unexpected error has occurred (6)
#
Stack:
/usr/lib/libc.so.6(+0x3dcd0) [0x7cbfab04bcd0]
/usr/lib/libc.so.6(+0x97624) [0x7cbfab0a5624]
/usr/lib/libc.so.6(gsignal+0x20) [0x7cbfab04bba0]
/usr/lib/libc.so.6(abort+0x26) [0x7cbfab033582]
/opt/Xilinx/Vivado/2024.1/lib/lnx64.o/Default/libstdc++.so.6(+0x8ba13) [0x7cbfab68ba13]
/opt/Xilinx/Vivado/2024.1/lib/lnx64.o/Default/libstdc++.so.6(+0x91b86) [0x7cbfab691b86]
/opt/Xilinx/Vivado/2024.1/lib/lnx64.o/Default/libstdc++.so.6(+0x91bc1) [0x7cbfab691bc1]
/opt/Xilinx/Vivado/2024.1/lib/lnx64.o/Default/libstdc++.so.6(+0x928ff) [0x7cbfab6928ff]
/opt/Xilinx/Vivado/2024.1/lib/lnx64.o/librdi_wavedata.so(+0x359d8e) [0x7cbf7a959d8e]
/opt/Xilinx/Vivado/2024.1/lib/lnx64.o/librdi_wavedata.so(SG_Model::WaveformRender::render(SG_Model::WVDataObject const&)+0x84) [0x7cbf7a964bf4]
/opt/Xilinx/Vivado/2024.1/lib/lnx64.o/librdi_wavedata.so(WaveViewer::WVWaveformPanel::WaveformTraverser::drawWaveform(SG_Model::WVDataObject const*, int, int)+0x38e) [0x7cbf7a9dface]
/opt/Xilinx/Vivado/2024.1/lib/lnx64.o/librdi_wavedata.so(WaveViewer::WVWaveformPanel::WaveformTraverser::handleItemSize(WaveViewer::WVTreeWVObjectModel::ITraverseHandler::TraverseItem const&)+0x52) [0x7cbf7a9dfda2]
/opt/Xilinx/Vivado/2024.1/lib/lnx64.o/librdi_wavedata.so(WaveViewer::WVTreeWVObjectModel::traverseYRange(SG_Model::WVDataObject const*, WaveViewer::WVTreeWVObjectModel::ITraverseHandler&, int, int, int&, int&) const+0x234) [0x7cbf7a9c3204]
/opt/Xilinx/Vivado/2024.1/lib/lnx64.o/librdi_wavedata.so(WaveViewer::WVTreeWVObjectModel::traverseYRange(SG_Model::WVDataObject const*, WaveViewer::WVTreeWVObjectModel::ITraverseHandler&, int, int, int&, int&) const+0x2be) [0x7cbf7a9c328e]
/opt/Xilinx/Vivado/2024.1/lib/lnx64.o/librdi_wavedata.so(WaveViewer::WVTreeWVObjectModel::traverseYRange(WaveViewer::WVTreeWVObjectModel::ITraverseHandler&, int, int) const+0x57) [0x7cbf7a9c33c7]
/opt/Xilinx/Vivado/2024.1/lib/lnx64.o/librdi_wavedata.so(WaveViewer::WVWaveformPanel::getGraphics(HDGDStringStream&, long&)+0x3a9) [0x7cbf7a9df0c9]
/opt/Xilinx/Vivado/2024.1/lib/lnx64.o/librdi_wavedata.so(WVExecutiveImp::getGraphicsDataSize()+0x9a) [0x7cbf7a99b1fa]
/opt/Xilinx/Vivado/2024.1/lib/lnx64.o/librdi_wavedata.so(WVExecutive::getGraphicsDataSize()+0xf) [0x7cbf7a99b67f]
/opt/Xilinx/Vivado/2024.1/lib/lnx64.o/librdi_wavedata.so(Java_ui_views_waveform_waveformi_WVExecutive_1getGraphicsDataSize+0x17) [0x7cbf7a9e78b7]
[0x7cbf595f34ea]
